2022-08-24 18:07:20.205  INFO 28592 --- [main] p.com.bootcamp.MicroService2Application  : Starting MicroService2Application using Java 17.0.3 on LIM-27JK3M3 with PID 28592 (C:\Users\lcochach\Documents\04 Solutions\JAVA\Workspaces\Level 1\ProyectoBancoS1-MicroService2\target\classes started by lcochach in C:\Users\lcochach\Documents\04 Solutions\JAVA\Workspaces\Level 1\ProyectoBancoS1-MicroService2)
2022-08-24 18:07:20.207  INFO 28592 --- [main] p.com.bootcamp.MicroService2Application  : No active profile set, falling back to 1 default profile: "default"
2022-08-24 18:07:20.240  INFO 28592 --- [main] o.s.c.c.c.ConfigServerConfigDataLoader   : Fetching config from server at : http://localhost:8888
2022-08-24 18:07:20.241  WARN 28592 --- [main] o.s.c.c.c.ConfigServerConfigDataLoader   : Could not locate PropertySource ([ConfigServerConfigDataResource@79767781 uris = array<String>['http://localhost:8888'], optional = true, profiles = list['default']]): Could not extract response: no suitable HttpMessageConverter found for response type [class org.springframework.cloud.config.environment.Environment] and content type [text/html;charset=UTF-8]
2022-08-24 18:07:20.808  INFO 28592 --- [main] .s.d.r.c.RepositoryConfigurationDelegate : Bootstrapping Spring Data Reactive MongoDB repositories in DEFAULT mode.
2022-08-24 18:07:20.819  INFO 28592 --- [main] .s.d.r.c.RepositoryConfigurationDelegate : Finished Spring Data repository scanning in 7 ms. Found 0 Reactive MongoDB repository interfaces.
2022-08-24 18:07:20.966  INFO 28592 --- [main] o.s.cloud.context.scope.GenericScope     : BeanFactory id=5121b414-4032-344e-8f28-bd6f524ca9ba
2022-08-24 18:07:21.482  INFO 28592 --- [main] o.s.b.w.embedded.tomcat.TomcatWebServer  : Tomcat initialized with port(s): 0 (http)
2022-08-24 18:07:21.493  INFO 28592 --- [main] o.apache.catalina.core.StandardService   : Starting service [Tomcat]
2022-08-24 18:07:21.493  INFO 28592 --- [main] org.apache.catalina.core.StandardEngine  : Starting Servlet engine: [Apache Tomcat/9.0.65]
2022-08-24 18:07:21.640  INFO 28592 --- [main] o.a.c.c.C.[Tomcat].[localhost].[/]       : Initializing Spring embedded WebApplicationContext
2022-08-24 18:07:21.640  INFO 28592 --- [main] w.s.c.ServletWebServerApplicationContext : Root WebApplicationContext: initialization completed in 1396 ms
2022-08-24 18:07:21.881  INFO 28592 --- [main] sConfig$$EnhancerBySpringCGLIB$$7e45ffd3 : user:userdb:mservice2
2022-08-24 18:07:21.977  INFO 28592 --- [main] org.mongodb.driver.client                : MongoClient with metadata {"driver": {"name": "mongo-java-driver|reactive-streams", "version": "4.6.1"}, "os": {"type": "Windows", "name": "Windows 10", "architecture": "amd64", "version": "10.0"}, "platform": "Java/Eclipse Adoptium/17.0.3+7"} created with settings MongoClientSettings{readPreference=primary, writeConcern=WriteConcern{w=null, wTimeout=null ms, journal=null}, retryWrites=true, retryReads=true, readConcern=ReadConcern{level=null}, credential=MongoCredential{mechanism=null, userName='user', source='mservice2', password=<hidden>, mechanismProperties=<hidden>}, streamFactoryFactory=null, commandListeners=[], codecRegistry=ProvidersCodecRegistry{codecProviders=[ValueCodecProvider{}, BsonValueCodecProvider{}, DBRefCodecProvider{}, DBObjectCodecProvider{}, DocumentCodecProvider{}, IterableCodecProvider{}, MapCodecProvider{}, GeoJsonCodecProvider{}, GridFSFileCodecProvider{}, Jsr310CodecProvider{}, JsonObjectCodecProvider{}, BsonCodecProvider{}, EnumCodecProvider{}, com.mongodb.Jep395RecordCodecProvider@5d2e6f62]}, clusterSettings={hosts=[127.0.0.1:27017], srvServiceName=mongodb, mode=SINGLE, requiredClusterType=UNKNOWN, requiredReplicaSetName='null', serverSelector='null', clusterListeners='[]', serverSelectionTimeout='30000 ms', localThreshold='30000 ms'}, socketSettings=SocketSettings{connectTimeoutMS=5000, readTimeoutMS=15000, receiveBufferSize=0, sendBufferSize=0}, heartbeatSocketSettings=SocketSettings{connectTimeoutMS=5000, readTimeoutMS=5000, receiveBufferSize=0, sendBufferSize=0}, connectionPoolSettings=ConnectionPoolSettings{maxSize=100, minSize=0, maxWaitTimeMS=10000, maxConnectionLifeTimeMS=0, maxConnectionIdleTimeMS=0, maintenanceInitialDelayMS=0, maintenanceFrequencyMS=60000, connectionPoolListeners=[], maxConnecting=2}, serverSettings=ServerSettings{heartbeatFrequencyMS=15000, minHeartbeatFrequencyMS=700, serverListeners='[]', serverMonitorListeners='[]'}, sslSettings=SslSettings{enabled=false, invalidHostNameAllowed=false, context=null}, applicationName='null', compressorList=[], uuidRepresentation=UNSPECIFIED, serverApi=null, autoEncryptionSettings=null, contextProvider=null}
2022-08-24 18:07:21.987  INFO 28592 --- [cluster-ClusterId{value='6306af294e2a907e2c9ab223', description='null'}-127.0.0.1:27017] org.mongodb.driver.connection            : Opened connection [connectionId{localValue:1, serverValue:130}] to 127.0.0.1:27017
2022-08-24 18:07:21.988  INFO 28592 --- [cluster-ClusterId{value='6306af294e2a907e2c9ab223', description='null'}-127.0.0.1:27017] org.mongodb.driver.cluster               : Monitor thread successfully connected to server with description ServerDescription{address=127.0.0.1:27017, type=STANDALONE, state=CONNECTED, ok=true, minWireVersion=0, maxWireVersion=17, maxDocumentSize=16777216, logicalSessionTimeoutMinutes=30, roundTripTimeNanos=20441100}
2022-08-24 18:07:21.988  INFO 28592 --- [cluster-rtt-ClusterId{value='6306af294e2a907e2c9ab223', description='null'}-127.0.0.1:27017] org.mongodb.driver.connection            : Opened connection [connectionId{localValue:2, serverValue:131}] to 127.0.0.1:27017
2022-08-24 18:07:22.052  WARN 28592 --- [main] o.s.data.convert.CustomConversions       : Registering converter from class java.time.LocalDateTime to class org.joda.time.LocalDateTime as reading converter although it doesn't convert from a store-supported type; You might want to check your annotation setup at the converter implementation
2022-08-24 18:07:22.076  WARN 28592 --- [main] o.s.data.convert.CustomConversions       : Registering converter from class java.time.LocalDateTime to class org.joda.time.LocalDateTime as reading converter although it doesn't convert from a store-supported type; You might want to check your annotation setup at the converter implementation
2022-08-24 18:07:23.268  WARN 28592 --- [main] o.s.data.convert.CustomConversions       : Registering converter from class java.time.LocalDateTime to class org.joda.time.LocalDateTime as reading converter although it doesn't convert from a store-supported type; You might want to check your annotation setup at the converter implementation
2022-08-24 18:07:23.337  WARN 28592 --- [main] o.s.data.convert.CustomConversions       : Registering converter from class java.time.LocalDateTime to class org.joda.time.LocalDateTime as reading converter although it doesn't convert from a store-supported type; You might want to check your annotation setup at the converter implementation
2022-08-24 18:07:23.490  INFO 28592 --- [main] DiscoveryClientOptionalArgsConfiguration : Eureka HTTP Client uses RestTemplate.
2022-08-24 18:07:23.560  WARN 28592 --- [main] iguration$LoadBalancerCaffeineWarnLogger : Spring Cloud LoadBalancer is currently working with the default cache. While this cache implementation is useful for development and tests, it's recommended to use Caffeine cache in production.You can switch to using Caffeine cache, by adding it and org.springframework.cache.caffeine.CaffeineCacheManager to the classpath.
2022-08-24 18:07:23.569  INFO 28592 --- [main] o.s.b.a.e.web.EndpointLinksResolver      : Exposing 1 endpoint(s) beneath base path '/actuator'
2022-08-24 18:07:23.682  INFO 28592 --- [main] o.s.b.w.embedded.tomcat.TomcatWebServer  : Tomcat started on port(s): 63580 (http) with context path ''
2022-08-24 18:07:23.683  INFO 28592 --- [main] .s.c.n.e.s.EurekaAutoServiceRegistration : Updating port to 63580
2022-08-24 18:07:23.688  INFO 28592 --- [main] o.s.c.n.eureka.InstanceInfoFactory       : Setting initial instance status as: STARTING
2022-08-24 18:07:23.746  INFO 28592 --- [main] com.netflix.discovery.DiscoveryClient    : Initializing Eureka in region us-east-1
2022-08-24 18:07:23.753  INFO 28592 --- [main] c.n.d.s.r.aws.ConfigClusterResolver      : Resolving eureka endpoints via configuration
2022-08-24 18:07:23.789  INFO 28592 --- [main] com.netflix.discovery.DiscoveryClient    : Disable delta property : false
2022-08-24 18:07:23.790  INFO 28592 --- [main] com.netflix.discovery.DiscoveryClient    : Single vip registry refresh property : null
2022-08-24 18:07:23.790  INFO 28592 --- [main] com.netflix.discovery.DiscoveryClient    : Force full registry fetch : false
2022-08-24 18:07:23.790  INFO 28592 --- [main] com.netflix.discovery.DiscoveryClient    : Application is null : false
2022-08-24 18:07:23.790  INFO 28592 --- [main] com.netflix.discovery.DiscoveryClient    : Registered Applications size is zero : true
2022-08-24 18:07:23.791  INFO 28592 --- [main] com.netflix.discovery.DiscoveryClient    : Application version is -1: true
2022-08-24 18:07:23.791  INFO 28592 --- [main] com.netflix.discovery.DiscoveryClient    : Getting all instance registry info from the eureka server
2022-08-24 18:07:24.246  INFO 28592 --- [main] com.netflix.discovery.DiscoveryClient    : The response status is 200
2022-08-24 18:07:24.252  INFO 28592 --- [main] com.netflix.discovery.DiscoveryClient    : Starting heartbeat executor: renew interval is: 30
2022-08-24 18:07:24.258  INFO 28592 --- [main] c.n.discovery.InstanceInfoReplicator     : InstanceInfoReplicator onDemand update allowed rate per min is 4
2022-08-24 18:07:24.273  INFO 28592 --- [main] com.netflix.discovery.DiscoveryClient    : Discovery Client initialized at timestamp 1661382444272 with initial instances count: 3
2022-08-24 18:07:24.275  INFO 28592 --- [main] o.s.c.n.e.s.EurekaServiceRegistry        : Registering application MICROSERVICE2 with eureka with status UP
2022-08-24 18:07:24.275  INFO 28592 --- [main] com.netflix.discovery.DiscoveryClient    : Saw local status change event StatusChangeEvent [timestamp=1661382444275, current=UP, previous=STARTING]
2022-08-24 18:07:24.276  INFO 28592 --- [DiscoveryClient-InstanceInfoReplicator-0] com.netflix.discovery.DiscoveryClient    : DiscoveryClient_MICROSERVICE2/LIM-27JK3M3.usersad.everis.int:MicroService2:0: registering service...
2022-08-24 18:07:24.311  INFO 28592 --- [DiscoveryClient-InstanceInfoReplicator-0] com.netflix.discovery.DiscoveryClient    : DiscoveryClient_MICROSERVICE2/LIM-27JK3M3.usersad.everis.int:MicroService2:0 - registration status: 204
2022-08-24 18:07:24.395  INFO 28592 --- [main] p.com.bootcamp.MicroService2Application  : Started MicroService2Application in 4.843 seconds (JVM running for 5.424)
2022-08-24 18:09:01.760  INFO 28592 --- [http-nio-auto-1-exec-1] o.a.c.c.C.[Tomcat].[localhost].[/]       : Initializing Spring DispatcherServlet 'dispatcherServlet'
2022-08-24 18:09:01.760  INFO 28592 --- [http-nio-auto-1-exec-1] o.s.web.servlet.DispatcherServlet        : Initializing Servlet 'dispatcherServlet'
2022-08-24 18:09:01.762  INFO 28592 --- [http-nio-auto-1-exec-1] o.s.web.servlet.DispatcherServlet        : Completed initialization in 2 ms
2022-08-24 18:09:12.055  INFO 28592 --- [Thread-7] org.mongodb.driver.connection            : Opened connection [connectionId{localValue:3, serverValue:134}] to 127.0.0.1:27017
2022-08-24 18:12:23.808  INFO 28592 --- [AsyncResolver-bootstrap-executor-0] c.n.d.s.r.aws.ConfigClusterResolver      : Resolving eureka endpoints via configuration
2022-08-24 18:17:23.825  INFO 28592 --- [AsyncResolver-bootstrap-executor-0] c.n.d.s.r.aws.ConfigClusterResolver      : Resolving eureka endpoints via configuration
2022-08-24 18:22:23.831  INFO 28592 --- [AsyncResolver-bootstrap-executor-0] c.n.d.s.r.aws.ConfigClusterResolver      : Resolving eureka endpoints via configuration
